<?xml version="1.0" encoding="UTF-8"?>
<!-- Generated by org.testng.reporters.JUnitXMLReporter -->
<testsuite hostname="user-PC" name="Default test" tests="3" failures="0" timestamp="28 Apr 2021 08:57:59 GMT" time="58.031" errors="0">
  <testcase name="loginPageTittleTest" time="0.19" classname="com.qa.TestCases.LoginPageTest"/>
  <testcase name="loginTest" time="7.669" classname="com.qa.TestCases.LoginPageTest"/>
  <testcase name="logoTest" time="0.458" classname="com.qa.TestCases.LoginPageTest"/>
</testsuite> <!-- Default test -->
