<?xml version="1.0" encoding="UTF-8"?>
<testng-results skipped="0" failed="0" total="3" passed="3">
  <reporter-output>
  </reporter-output>
  <suite name="Default suite" duration-ms="58031" started-at="2021-04-28T08:57:01Z" finished-at="2021-04-28T08:57:59Z">
    <groups>
    </groups>
    <test name="Default test" duration-ms="58031" started-at="2021-04-28T08:57:01Z" finished-at="2021-04-28T08:57:59Z">
      <class name="com.qa.TestCases.LoginPageTest">
        <test-method status="PASS" signature="setup()[pri:0, instance:com.qa.TestCases.LoginPageTest@cb5822]" name="setup" is-config="true" duration-ms="18722" started-at="2021-04-28T14:27:01Z" finished-at="2021-04-28T14:27:20Z">
          <reporter-output>
          </reporter-output>
        </test-method> <!-- setup -->
        <test-method status="PASS" signature="loginPageTittleTest()[pri:0, instance:com.qa.TestCases.LoginPageTest@cb5822]" name="loginPageTittleTest" duration-ms="190" started-at="2021-04-28T14:27:20Z" finished-at="2021-04-28T14:27:20Z">
          <reporter-output>
          </reporter-output>
        </test-method> <!-- loginPageTittleTest -->
        <test-method status="PASS" signature="teardown()[pri:0, instance:com.qa.TestCases.LoginPageTest@cb5822]" name="teardown" is-config="true" duration-ms="955" started-at="2021-04-28T14:27:20Z" finished-at="2021-04-28T14:27:21Z">
          <reporter-output>
          </reporter-output>
        </test-method> <!-- teardown -->
        <test-method status="PASS" signature="setup()[pri:0, instance:com.qa.TestCases.LoginPageTest@cb5822]" name="setup" is-config="true" duration-ms="13598" started-at="2021-04-28T14:27:21Z" finished-at="2021-04-28T14:27:35Z">
          <reporter-output>
          </reporter-output>
        </test-method> <!-- setup -->
        <test-method status="PASS" signature="loginTest()[pri:0, instance:com.qa.TestCases.LoginPageTest@cb5822]" name="loginTest" duration-ms="7669" started-at="2021-04-28T14:27:35Z" finished-at="2021-04-28T14:27:42Z">
          <reporter-output>
          </reporter-output>
        </test-method> <!-- loginTest -->
        <test-method status="PASS" signature="teardown()[pri:0, instance:com.qa.TestCases.LoginPageTest@cb5822]" name="teardown" is-config="true" duration-ms="1740" started-at="2021-04-28T14:27:42Z" finished-at="2021-04-28T14:27:44Z">
          <reporter-output>
          </reporter-output>
        </test-method> <!-- teardown -->
        <test-method status="PASS" signature="setup()[pri:0, instance:com.qa.TestCases.LoginPageTest@cb5822]" name="setup" is-config="true" duration-ms="13825" started-at="2021-04-28T14:27:44Z" finished-at="2021-04-28T14:27:58Z">
          <reporter-output>
          </reporter-output>
        </test-method> <!-- setup -->
        <test-method status="PASS" signature="logoTest()[pri:0, instance:com.qa.TestCases.LoginPageTest@cb5822]" name="logoTest" duration-ms="458" started-at="2021-04-28T14:27:58Z" finished-at="2021-04-28T14:27:58Z">
          <reporter-output>
          </reporter-output>
        </test-method> <!-- logoTest -->
        <test-method status="PASS" signature="teardown()[pri:0, instance:com.qa.TestCases.LoginPageTest@cb5822]" name="teardown" is-config="true" duration-ms="823" started-at="2021-04-28T14:27:58Z" finished-at="2021-04-28T14:27:59Z">
          <reporter-output>
          </reporter-output>
        </test-method> <!-- teardown -->
      </class> <!-- com.qa.TestCases.LoginPageTest -->
    </test> <!-- Default test -->
  </suite> <!-- Default suite -->
</testng-results>
