<?xml version="1.0" encoding="UTF-8"?>
<!-- Generated by org.testng.reporters.JUnitXMLReporter -->
<testsuite hostname="user-PC" name="Free CRM testcases" tests="6" failures="0" timestamp="27 Apr 2021 19:17:13 GMT" time="119.129" errors="0">
  <testcase name="loginPageTittleTest" time="0.203" classname="com.qa.TestCases.LoginPageTest"/>
  <testcase name="loginTest" time="6.301" classname="com.qa.TestCases.LoginPageTest"/>
  <testcase name="logoTest" time="0.793" classname="com.qa.TestCases.LoginPageTest"/>
  <testcase name="verifycontactLinkTest" time="2.023" classname="com.qa.TestCases.HomePageTest"/>
  <testcase name="verifyhomePageTittleTest" time="0.03" classname="com.qa.TestCases.HomePageTest"/>
  <testcase name="verifyuserNameTest" time="0.271" classname="com.qa.TestCases.HomePageTest"/>
</testsuite> <!-- Free CRM testcases -->
